,number,value,datetime_start,datetime_complete,duration,params_clip_range,params_ent_coef,params_gamma,state
0,0,1430.8034471040778,2025-07-27 02:24:55.114922,2025-07-27 02:26:45.735109,0 days 00:01:50.620187,0.2,0.01,0.99,COMPLETE
1,1,-3697.0948600915763,2025-07-27 02:26:45.735804,2025-07-27 02:28:15.778500,0 days 00:01:30.042696,0.2,0.001,0.999,COMPLETE
2,2,-2140.789799027238,2025-07-27 02:28:15.779007,2025-07-27 02:28:50.321016,0 days 00:00:34.542009,0.2,0.01,0.9999,COMPLETE
3,3,-3697.0948600915763,2025-07-27 02:28:50.321394,2025-07-27 02:30:20.849749,0 days 00:01:30.528355,0.2,0.001,0.999,COMPLETE
4,4,1684.7434662043304,2025-07-27 02:30:20.850626,2025-07-27 02:32:29.225149,0 days 00:02:08.374523,0.3,0.001,0.99,COMPLETE
5,5,-3232.24324475738,2025-07-27 02:32:29.225935,2025-07-27 02:33:20.127891,0 days 00:00:50.901956,0.2,1e-05,0.999,COMPLETE
6,6,-2520.7206861564614,2025-07-27 02:33:20.129046,2025-07-27 02:34:49.717416,0 days 00:01:29.588370,0.3,0.01,0.9999,COMPLETE
7,7,-4469.54905722501,2025-07-27 02:34:49.717795,2025-07-27 02:35:24.645480,0 days 00:00:34.927685,0.1,1e-05,0.9999,COMPLETE
8,8,-2520.7206861564614,2025-07-27 02:35:24.645970,2025-07-27 02:36:08.415439,0 days 00:00:43.769469,0.2,0.001,0.9999,COMPLETE
9,9,8710.182855675514,2025-07-27 02:36:08.416361,2025-07-27 02:38:01.603577,0 days 00:01:53.187216,0.2,0.01,0.999,COMPLETE
10,10,-3661.7023886562106,2025-07-27 02:38:01.604436,2025-07-27 02:38:52.348270,0 days 00:00:50.743834,0.1,0.01,0.999,COMPLETE
11,11,1684.7434662043304,2025-07-27 02:38:52.348640,2025-07-27 02:41:00.629601,0 days 00:02:08.280961,0.3,0.001,0.99,COMPLETE
12,12,6213.210604501303,2025-07-27 02:41:00.630438,2025-07-27 02:43:57.728172,0 days 00:02:57.097734,0.3,0.01,0.99,COMPLETE
13,13,6213.210604501303,2025-07-27 02:43:57.729054,2025-07-27 02:46:54.150456,0 days 00:02:56.421402,0.3,0.01,0.99,COMPLETE
14,14,6213.210604501303,2025-07-27 02:46:54.151253,2025-07-27 02:49:50.672508,0 days 00:02:56.521255,0.3,0.01,0.99,COMPLETE
15,15,-3661.7023886562106,2025-07-27 02:49:50.683459,2025-07-27 02:50:41.446032,0 days 00:00:50.762573,0.1,0.01,0.999,COMPLETE
16,16,6213.210604501303,2025-07-27 02:50:41.446395,2025-07-27 02:53:38.585432,0 days 00:02:57.139037,0.3,0.01,0.99,COMPLETE
17,17,-4965.465317430142,2025-07-27 02:53:38.586368,2025-07-27 02:54:30.137106,0 days 00:00:51.550738,0.3,1e-05,0.999,COMPLETE
18,18,1430.8034471040778,2025-07-27 02:54:30.138017,2025-07-27 02:56:21.272323,0 days 00:01:51.134306,0.2,0.01,0.99,COMPLETE
19,19,-3661.7023886562106,2025-07-27 02:56:21.273228,2025-07-27 02:57:11.938480,0 days 00:00:50.665252,0.1,0.01,0.999,COMPLETE
