,number,value,datetime_start,datetime_complete,duration,params_clip_range,params_ent_coef,params_gamma,state
0,0,-3807.18660037608,2025-07-27 04:32:58.562846,2025-07-27 04:34:27.214770,0 days 00:01:28.651924,0.1,1e-05,0.999,COMPLETE
1,1,-2451.898020689373,2025-07-27 04:34:27.215556,2025-07-27 04:35:30.199302,0 days 00:01:02.983746,0.2,0.001,0.999,COMPLETE
2,2,-2451.898020689373,2025-07-27 04:35:30.199640,2025-07-27 04:36:38.867637,0 days 00:01:08.667997,0.1,1e-05,0.9999,COMPLETE
3,3,-3396.3806518113165,2025-07-27 04:36:38.868575,2025-07-27 04:39:32.361820,0 days 00:02:53.493245,0.2,1e-05,0.99,COMPLETE
4,4,-3396.3806518113165,2025-07-27 04:39:32.363049,2025-07-27 04:41:12.128608,0 days 00:01:39.765559,0.2,0.001,0.99,COMPLETE
5,5,-3443.0067690751675,2025-07-27 04:41:12.129470,2025-07-27 04:42:55.531721,0 days 00:01:43.402251,0.1,0.01,0.99,COMPLETE
6,6,-2451.898020689373,2025-07-27 04:42:55.532074,2025-07-27 04:43:59.308939,0 days 00:01:03.776865,0.3,0.001,0.999,COMPLETE
7,7,-3396.3806518113165,2025-07-27 04:43:59.310032,2025-07-27 04:45:39.603751,0 days 00:01:40.293719,0.2,0.01,0.99,COMPLETE
8,8,-2451.898020689373,2025-07-27 04:45:39.637370,2025-07-27 04:46:47.877923,0 days 00:01:08.240553,0.2,0.01,0.9999,COMPLETE
9,9,-2451.898020689373,2025-07-27 04:46:47.878296,2025-07-27 04:47:50.910324,0 days 00:01:03.032028,0.3,1e-05,0.999,COMPLETE
10,10,-2451.898020689373,2025-07-27 04:47:50.911182,2025-07-27 04:48:53.831986,0 days 00:01:02.920804,0.2,0.001,0.999,COMPLETE
11,11,-2451.898020689373,2025-07-27 04:48:53.832517,2025-07-27 04:50:02.413950,0 days 00:01:08.581433,0.1,1e-05,0.9999,COMPLETE
12,12,-2451.898020689373,2025-07-27 04:50:02.414908,2025-07-27 04:51:10.901182,0 days 00:01:08.486274,0.1,0.001,0.9999,COMPLETE
13,13,-2451.898020689373,2025-07-27 04:51:10.901534,2025-07-27 04:52:19.365317,0 days 00:01:08.463783,0.1,0.001,0.9999,COMPLETE
14,14,-2451.898020689373,2025-07-27 04:52:19.366334,2025-07-27 04:53:27.975001,0 days 00:01:08.608667,0.3,1e-05,0.9999,COMPLETE
15,15,-3396.3806518113165,2025-07-27 04:53:27.976061,2025-07-27 04:55:24.194024,0 days 00:01:56.217963,0.2,1e-05,0.999,COMPLETE
16,16,-3714.6832439669984,2025-07-27 04:55:24.194867,2025-07-27 04:56:55.384777,0 days 00:01:31.189910,0.1,0.001,0.999,COMPLETE
17,17,-2451.898020689373,2025-07-27 04:56:55.385626,2025-07-27 04:58:03.898618,0 days 00:01:08.512992,0.1,0.001,0.9999,COMPLETE
18,18,-3396.3806518113165,2025-07-27 04:58:03.899554,2025-07-27 05:00:00.273861,0 days 00:01:56.374307,0.2,1e-05,0.999,COMPLETE
19,19,-2451.898020689373,2025-07-27 05:00:00.277444,2025-07-27 05:01:08.526034,0 days 00:01:08.248590,0.3,0.01,0.9999,COMPLETE
