,number,value,datetime_start,datetime_complete,duration,params_clip_range,params_ent_coef,params_gamma,state
0,0,-9344.244645837465,2025-07-27 05:28:12.028749,2025-07-27 05:29:20.799298,0 days 00:01:08.770549,0.3,1e-05,0.999,COMPLETE
1,1,919.9779418908629,2025-07-27 05:29:20.800014,2025-07-27 05:29:36.984847,0 days 00:00:16.184833,0.1,1e-05,0.9999,COMPLETE
2,2,2028.4281147342467,2025-07-27 05:29:36.985177,2025-07-27 05:30:03.530535,0 days 00:00:26.545358,0.1,0.01,0.999,COMPLETE
3,3,48997.54642879513,2025-07-27 05:30:03.530888,2025-07-27 05:30:51.532900,0 days 00:00:48.002012,0.3,1e-05,0.9999,COMPLETE
4,4,-3158.015439013023,2025-07-27 05:30:51.533373,2025-07-27 05:31:08.407580,0 days 00:00:16.874207,0.2,0.01,0.99,COMPLETE
5,5,48997.54642879513,2025-07-27 05:31:08.407962,2025-07-27 05:31:56.402130,0 days 00:00:47.994168,0.3,1e-05,0.9999,COMPLETE
6,6,-3158.015439013023,2025-07-27 05:31:56.402667,2025-07-27 05:32:13.388494,0 days 00:00:16.985827,0.2,0.01,0.99,COMPLETE
7,7,-9344.244645837465,2025-07-27 05:32:13.388890,2025-07-27 05:33:21.901488,0 days 00:01:08.512598,0.3,1e-05,0.999,COMPLETE
8,8,48997.54642879513,2025-07-27 05:33:21.902334,2025-07-27 05:34:10.015087,0 days 00:00:48.112753,0.3,1e-05,0.9999,COMPLETE
9,9,-2615.4516708164074,2025-07-27 05:34:10.015542,2025-07-27 05:35:07.151234,0 days 00:00:57.135692,0.1,0.001,0.999,COMPLETE
10,10,-9344.244645837465,2025-07-27 05:35:07.151621,2025-07-27 05:36:21.358793,0 days 00:01:14.207172,0.3,0.001,0.9999,COMPLETE
11,11,48997.54642879513,2025-07-27 05:36:21.359703,2025-07-27 05:37:09.215078,0 days 00:00:47.855375,0.3,1e-05,0.9999,COMPLETE
12,12,48997.54642879513,2025-07-27 05:37:09.215467,2025-07-27 05:37:57.016114,0 days 00:00:47.800647,0.3,1e-05,0.9999,COMPLETE
13,13,48997.54642879513,2025-07-27 05:37:57.016909,2025-07-27 05:38:45.036035,0 days 00:00:48.019126,0.3,1e-05,0.9999,COMPLETE
14,14,48997.54642879513,2025-07-27 05:38:45.036542,2025-07-27 05:39:32.996309,0 days 00:00:47.959767,0.3,1e-05,0.9999,COMPLETE
15,15,2123.428148334092,2025-07-27 05:39:32.996692,2025-07-27 05:40:43.043798,0 days 00:01:10.047106,0.2,0.001,0.9999,COMPLETE
16,16,58227.449813429834,2025-07-27 05:40:43.044393,2025-07-27 05:41:47.829461,0 days 00:01:04.785068,0.3,1e-05,0.99,COMPLETE
17,17,58227.449813429834,2025-07-27 05:41:47.830140,2025-07-27 05:42:52.876655,0 days 00:01:05.046515,0.3,1e-05,0.99,COMPLETE
18,18,-3158.015439013023,2025-07-27 05:42:52.877029,2025-07-27 05:43:09.829925,0 days 00:00:16.952896,0.2,0.01,0.99,COMPLETE
19,19,-2689.7176002806377,2025-07-27 05:43:09.830370,2025-07-27 05:43:44.793250,0 days 00:00:34.962880,0.1,0.001,0.99,COMPLETE
